2024-11-06 03:03:23,600 - INFO - Script started
2024-11-06 03:03:23,600 - INFO - Starting news update process...
2024-11-06 03:03:23,600 - INFO - Generating demo news...
2024-11-06 03:03:23,600 - INFO - Attempting to save news data...
2024-11-06 03:03:23,600 - INFO - Creating necessary directories...
2024-11-06 03:03:23,600 - INFO - Saving to data/news.json
2024-11-06 03:03:23,600 - INFO - Successfully saved 2 news items
2024-11-06 03:03:23,600 - INFO - File size: 518 bytes
2024-11-06 03:03:23,601 - INFO - News update completed successfully
2024-11-06 03:03:23,601 - INFO - Contents of news.json:
2024-11-06 03:03:23,601 - INFO - [
  {
    "id": "demo_1_20241106",
    "category": "Technology",
    "title": "Demo Technology Article",
    "url": "https://example.com/tech",
    "content": "This is a demonstration technology article.\n\nIt contains multiple paragraphs for testing purposes."
  },
  {
    "id": "demo_2_20241106",
    "category": "Business",
    "title": "Demo Business Article",
    "url": "https://example.com/business",
    "content": "This is a demonstration business article.\n\nIt shows how the content structure works."
  }
]
2024-11-06 03:03:23,601 - INFO - Script completed with success=True
2024-11-06 03:07:19,206 - INFO - Script started
2024-11-06 03:07:19,206 - INFO - Starting news update process...
2024-11-06 03:07:19,206 - INFO - Generating demo news...
2024-11-06 03:07:19,206 - INFO - Attempting to save news data...
2024-11-06 03:07:19,206 - INFO - Creating necessary directories...
2024-11-06 03:07:19,206 - INFO - Saving to data/news.json
2024-11-06 03:07:19,207 - INFO - Successfully saved 2 news items
2024-11-06 03:07:19,207 - INFO - File size: 518 bytes
2024-11-06 03:07:19,207 - INFO - News update completed successfully
2024-11-06 03:07:19,207 - INFO - Contents of news.json:
2024-11-06 03:07:19,207 - INFO - [
  {
    "id": "demo_1_20241106",
    "category": "Technology",
    "title": "Demo Technology Article",
    "url": "https://example.com/tech",
    "content": "This is a demonstration technology article.\n\nIt contains multiple paragraphs for testing purposes."
  },
  {
    "id": "demo_2_20241106",
    "category": "Business",
    "title": "Demo Business Article",
    "url": "https://example.com/business",
    "content": "This is a demonstration business article.\n\nIt shows how the content structure works."
  }
]
2024-11-06 03:07:19,207 - INFO - Script completed with success=True
