2024-11-06 01:49:37,490 - INFO - Starting news update process
2024-11-06 01:49:37,958 - INFO - API access successful
2024-11-06 01:49:37,959 - INFO - Fetching news for category: ai
2024-11-06 01:49:38,166 - INFO - Found 100 articles for ai
2024-11-06 01:49:38,166 - INFO - Added article: ai-20241106-1
2024-11-06 01:49:38,166 - INFO - Added article: ai-20241106-2
2024-11-06 01:49:38,166 - INFO - Fetching news for category: entertainment
2024-11-06 01:49:38,405 - INFO - Found 20 articles for entertainment
2024-11-06 01:49:38,405 - INFO - Added article: entertainment-20241106-1
2024-11-06 01:49:38,405 - INFO - Added article: entertainment-20241106-2
2024-11-06 01:49:38,405 - INFO - Fetching news for category: finance
2024-11-06 01:49:38,601 - INFO - Found 20 articles for finance
2024-11-06 01:49:38,601 - INFO - Added article: finance-20241106-2
2024-11-06 01:49:38,601 - INFO - Fetching news for category: politics
2024-11-06 01:49:38,898 - INFO - Found 20 articles for politics
2024-11-06 01:49:38,898 - INFO - Added article: politics-20241106-1
2024-11-06 01:49:38,898 - INFO - Added article: politics-20241106-2
2024-11-06 01:49:38,899 - INFO - News data saved and verified successfully
2024-11-06 01:49:38,899 - INFO - News update completed successfully
2024-11-06 02:01:40,893 - INFO - Starting news update process
2024-11-06 02:01:41,272 - INFO - API access successful
2024-11-06 02:01:41,272 - INFO - Fetching news for category: ai
2024-11-06 02:01:41,676 - INFO - Found 100 articles for ai
2024-11-06 02:01:41,676 - INFO - Added article: ai-20241106-1
2024-11-06 02:01:41,676 - INFO - Added article: ai-20241106-2
2024-11-06 02:01:41,676 - INFO - Fetching news for category: entertainment
2024-11-06 02:01:41,873 - INFO - Found 20 articles for entertainment
2024-11-06 02:01:41,873 - INFO - Added article: entertainment-20241106-1
2024-11-06 02:01:41,874 - INFO - Added article: entertainment-20241106-2
2024-11-06 02:01:41,874 - INFO - Fetching news for category: finance
2024-11-06 02:01:42,125 - INFO - Found 20 articles for finance
2024-11-06 02:01:42,125 - INFO - Added article: finance-20241106-2
2024-11-06 02:01:42,126 - INFO - Fetching news for category: politics
2024-11-06 02:01:42,359 - INFO - Found 20 articles for politics
2024-11-06 02:01:42,359 - INFO - Added article: politics-20241106-1
2024-11-06 02:01:42,359 - INFO - Added article: politics-20241106-2
2024-11-06 02:01:42,360 - INFO - News data saved and verified successfully
2024-11-06 02:01:42,360 - INFO - News update completed successfully
2024-11-06 02:24:29,988 - INFO - Starting news update process
2024-11-06 02:24:30,226 - INFO - API access successful
2024-11-06 02:24:30,226 - INFO - Fetching news for category: ai
2024-11-06 02:24:30,615 - INFO - Found 100 articles for ai
2024-11-06 02:24:30,615 - INFO - Added article: ai-20241106-1
2024-11-06 02:24:30,615 - INFO - Added article: ai-20241106-2
2024-11-06 02:24:30,615 - INFO - Fetching news for category: entertainment
2024-11-06 02:24:30,753 - INFO - Found 20 articles for entertainment
2024-11-06 02:24:30,753 - INFO - Added article: entertainment-20241106-1
2024-11-06 02:24:30,753 - INFO - Added article: entertainment-20241106-2
2024-11-06 02:24:30,754 - INFO - Fetching news for category: finance
2024-11-06 02:24:31,188 - INFO - Found 20 articles for finance
2024-11-06 02:24:31,188 - INFO - Added article: finance-20241106-2
2024-11-06 02:24:31,188 - INFO - Fetching news for category: politics
2024-11-06 02:24:31,321 - INFO - Found 20 articles for politics
2024-11-06 02:24:31,321 - INFO - Added article: politics-20241106-1
2024-11-06 02:24:31,322 - INFO - Added article: politics-20241106-2
2024-11-06 02:24:31,322 - INFO - News data saved and verified successfully
2024-11-06 02:24:31,322 - INFO - News update completed successfully
2024-11-06 02:26:01,172 - INFO - Starting news update process
2024-11-06 02:26:01,509 - INFO - API access successful
2024-11-06 02:26:01,509 - INFO - Fetching news for category: ai
2024-11-06 02:26:01,687 - INFO - Found 100 articles for ai
2024-11-06 02:26:01,687 - INFO - Added article: ai-20241106-1
2024-11-06 02:26:01,687 - INFO - Added article: ai-20241106-2
2024-11-06 02:26:01,687 - INFO - Fetching news for category: entertainment
2024-11-06 02:26:01,762 - INFO - Found 20 articles for entertainment
2024-11-06 02:26:01,762 - INFO - Added article: entertainment-20241106-1
2024-11-06 02:26:01,762 - INFO - Added article: entertainment-20241106-2
2024-11-06 02:26:01,762 - INFO - Fetching news for category: finance
2024-11-06 02:26:01,831 - INFO - Found 20 articles for finance
2024-11-06 02:26:01,831 - INFO - Added article: finance-20241106-2
2024-11-06 02:26:01,831 - INFO - Fetching news for category: politics
2024-11-06 02:26:01,956 - INFO - Found 20 articles for politics
2024-11-06 02:26:01,956 - INFO - Added article: politics-20241106-1
2024-11-06 02:26:01,956 - INFO - Added article: politics-20241106-2
2024-11-06 02:26:01,957 - INFO - News data saved and verified successfully
2024-11-06 02:26:01,957 - INFO - News update completed successfully
2024-11-06 02:35:05,560 - INFO - Starting news update process
2024-11-06 02:35:06,397 - ERROR - No news data fetched
